<?xml version="1.0" encoding="UTF-8"?>
<!-- Generated by org.testng.reporters.JUnitXMLReporter -->
<testsuite ignored="3" hostname="LAPTOP-00LJ2F6F" failures="0" tests="1" name="Default test" time="12.127" errors="0" timestamp="2022-03-13T16:01:46 IST">
  <testcase classname="testcases.LoginTest" name="LoginSuccessTest" time="6.036"/>
  <testcase classname="testcases.LoginTest" name="LoginFailiurTest" time="0.0">
    <ignored/>
  </testcase> <!-- LoginFailiurTest -->
  <testcase classname="testcases.LoginTest" name="ExternalDataTest" time="0.0">
    <ignored/>
  </testcase> <!-- ExternalDataTest -->
  <testcase classname="testcases.LoginTest" name="ParameterizedTest" time="0.0">
    <ignored/>
  </testcase> <!-- ParameterizedTest -->
</testsuite> <!-- Default test -->
