<?xml version="1.0" encoding="UTF-8"?>
<!-- Generated by org.testng.reporters.JUnitXMLReporter -->
<testsuite ignored="0" hostname="LAPTOP-00LJ2F6F" failures="0" tests="4" name="Test" time="35.729" errors="0" timestamp="2022-03-28T19:09:55 GMT-06:00">
  <testcase classname="testcases.LoginTest" name="ExternalDataTest" time="4.505"/>
  <testcase classname="testcases.LoginTest" name="LoginFailiurTest" time="6.412"/>
  <testcase classname="testcases.LoginTest" name="LoginSuccessTest" time="3.778"/>
  <testcase classname="testcases.LoginTest" name="ParameterizedTest" time="5.929"/>
</testsuite> <!-- Test -->
