<?xml version="1.0" encoding="UTF-8"?>
<testng-results ignored="3" total="4" passed="1" failed="0" skipped="0">
  <reporter-output>
  </reporter-output>
  <suite started-at="2022-04-05T15:06:52 GMT-06:00" name="Default suite" finished-at="2022-04-05T15:07:05 GMT-06:00" duration-ms="13467">
    <groups>
    </groups>
    <test started-at="2022-04-05T15:06:52 GMT-06:00" name="Default test" finished-at="2022-04-05T15:07:05 GMT-06:00" duration-ms="13467">
      <class name="testcases.LoginTest">
        <test-method is-config="true" signature="DataSetUp()[pri:0, instance:testcases.LoginTest@741a8937]" started-at="2022-04-05T15:06:52 GMT-06:00" name="DataSetUp" finished-at="2022-04-05T15:06:53 GMT-06:00" duration-ms="1069" status="PASS">
          <reporter-output>
          </reporter-output>
        </test-method> <!-- DataSetUp -->
        <test-method is-config="true" signature="SetUp(java.lang.reflect.Method)[pri:0, instance:testcases.LoginTest@741a8937]" started-at="2022-04-05T15:06:53 GMT-06:00" name="SetUp" finished-at="2022-04-05T15:06:58 GMT-06:00" duration-ms="4658" status="PASS">
          <params>
            <param index="0">
              <value>
                <![CDATA[public void testcases.LoginTest.LoginFailiurTest()]]>
              </value>
            </param>
          </params>
          <reporter-output>
          </reporter-output>
        </test-method> <!-- SetUp -->
        <test-method signature="LoginFailiurTest()[pri:0, instance:testcases.LoginTest@741a8937]" started-at="2022-04-05T15:06:58 GMT-06:00" name="LoginFailiurTest" finished-at="2022-04-05T15:07:05 GMT-06:00" duration-ms="6917" status="PASS">
          <reporter-output>
          </reporter-output>
        </test-method> <!-- LoginFailiurTest -->
        <test-method is-config="true" signature="TearDown()[pri:0, instance:testcases.LoginTest@741a8937]" started-at="2022-04-05T15:07:05 GMT-06:00" name="TearDown" finished-at="2022-04-05T15:07:05 GMT-06:00" duration-ms="377" status="PASS">
          <reporter-output>
          </reporter-output>
        </test-method> <!-- TearDown -->
        <test-method is-config="true" signature="DataTearDown()[pri:0, instance:testcases.LoginTest@741a8937]" started-at="2022-04-05T15:07:05 GMT-06:00" name="DataTearDown" finished-at="2022-04-05T15:07:05 GMT-06:00" duration-ms="402" status="PASS">
          <reporter-output>
          </reporter-output>
        </test-method> <!-- DataTearDown -->
      </class> <!-- testcases.LoginTest -->
    </test> <!-- Default test -->
  </suite> <!-- Default suite -->
</testng-results>
